<?xml version="1.0" encoding="UTF-8"?>
<!-- Generated by org.testng.reporters.JUnitReportReporter -->
<testsuite hostname="LAPTOP-PN9Q8IKL" failures="0" tests="1" name="basePrice.ChangeBasePriceTest" time="4.628" errors="0" timestamp="18 Aug 2021 10:24:04 GMT" skipped="0">
  <testcase classname="basePrice.ChangeBasePriceTest" name="testChangeBasePriceValue" time="4.628"/>
</testsuite> <!-- basePrice.ChangeBasePriceTest -->
