<?xml version="1.0" encoding="UTF-8"?>
<!-- Generated by org.testng.reporters.JUnitReportReporter -->
<testsuite hostname="LAPTOP-PN9Q8IKL" failures="0" tests="1" name="basePrice.ChangeBasePriceTest" time="0.766" errors="0" timestamp="13 Mar 2021 09:41:30 GMT" skipped="0">
  <testcase classname="basePrice.ChangeBasePriceTest" name="testChangeBasePriceValue" time="0.766"/>
</testsuite> <!-- basePrice.ChangeBasePriceTest -->
